# JRE version: OpenJDK Runtime Environment (11.0.10) (build 11.0.10+0-b96-7249189)
# Java VM: OpenJDK 64-Bit Server VM (11.0.10+0-b96-7249189, mixed mode, tiered, compressed oops, g1 gc, windows-amd64)
Heap:
 garbage-first heap   total 233472K, used 114907K [0x0000000080000000, 0x0000000100000000)
  region size 1024K, 7 young (7168K), 6 survivors (6144K)
 Metaspace       used 123793K, capacity 127263K, committed 127564K, reserved 1159168K
  class space    used 15816K, capacity 17126K, committed 17228K, reserved 1048576K
GC Heap History (20 events):
Event: 34.030 GC heap before
{Heap before GC invocations=22 (full 0):
 garbage-first heap   total 233472K, used 181248K [0x0000000080000000, 0x0000000100000000)
  region size 1024K, 76 young (77824K), 12 survivors (12288K)
 Metaspace       used 109512K, capacity 112212K, committed 112332K, reserved 1146880K
  class space    used 14005K, capacity 14992K, committed 15052K, reserved 1048576K
}
Event: 34.062 GC heap after
{Heap after GC invocations=23 (full 0):
 garbage-first heap   total 233472K, used 118201K [0x0000000080000000, 0x0000000100000000)
  region size 1024K, 6 young (6144K), 6 survivors (6144K)
 Metaspace       used 109512K, capacity 112212K, committed 112332K, reserved 1146880K
  class space    used 14005K, capacity 14992K, committed 15052K, reserved 1048576K
}
Event: 35.596 GC heap before
{Heap before GC invocations=24 (full 0):
 garbage-first heap   total 233472K, used 183737K [0x0000000080000000, 0x0000000100000000)
  region size 1024K, 74 young (75776K), 6 survivors (6144K)
 Metaspace       used 116365K, capacity 119356K, committed 119628K, reserved 1153024K
  class space    used 14981K, capacity 16074K, committed 16204K, reserved 1048576K
}
Event: 35.621 GC heap after
{Heap after GC invocations=25 (full 0):
 garbage-first heap   total 233472K, used 123904K [0x0000000080000000, 0x0000000100000000)
  region size 1024K, 10 young (10240K), 10 survivors (10240K)
 Metaspace       used 116365K, capacity 119356K, committed 119628K, reserved 1153024K
  class space    used 14981K, capacity 16074K, committed 16204K, reserved 1048576K
}
Event: 35.645 GC heap before
{Heap before GC invocations=25 (full 0):
 garbage-first heap   total 233472K, used 124928K [0x0000000080000000, 0x0000000100000000)
  region size 1024K, 11 young (11264K), 10 survivors (10240K)
 Metaspace       used 116370K, capacity 119356K, committed 119628K, reserved 1153024K
  class space    used 14981K, capacity 16074K, committed 16204K, reserved 1048576K
}
Event: 35.669 GC heap after
{Heap after GC invocations=26 (full 0):
 garbage-first heap   total 233472K, used 120399K [0x0000000080000000, 0x0000000100000000)
  region size 1024K, 1 young (1024K), 1 survivors (1024K)
 Metaspace       used 116370K, capacity 119356K, committed 119628K, reserved 1153024K
  class space    used 14981K, capacity 16074K, committed 16204K, reserved 1048576K
}
Event: 36.699 GC heap before
{Heap before GC invocations=26 (full 0):
 garbage-first heap   total 233472K, used 185935K [0x0000000080000000, 0x0000000100000000)
  region size 1024K, 66 young (67584K), 1 survivors (1024K)
 Metaspace       used 118661K, capacity 121823K, committed 121932K, reserved 1155072K
  class space    used 15277K, capacity 16454K, committed 16460K, reserved 1048576K
}
Event: 36.710 GC heap after
{Heap after GC invocations=27 (full 0):
 garbage-first heap   total 233472K, used 122495K [0x0000000080000000, 0x0000000100000000)
  region size 1024K, 3 young (3072K), 3 survivors (3072K)
 Metaspace       used 118661K, capacity 121823K, committed 121932K, reserved 1155072K
  class space    used 15277K, capacity 16454K, committed 16460K, reserved 1048576K
}
Event: 38.452 GC heap before
{Heap before GC invocations=28 (full 0):
 garbage-first heap   total 233472K, used 197247K [0x0000000080000000, 0x0000000100000000)
  region size 1024K, 69 young (70656K), 3 survivors (3072K)
 Metaspace       used 121075K, capacity 124299K, committed 124620K, reserved 1157120K
  class space    used 15556K, capacity 16740K, committed 16844K, reserved 1048576K
}
Event: 38.469 GC heap after
{Heap after GC invocations=29 (full 0):
 garbage-first heap   total 233472K, used 121611K [0x0000000080000000, 0x0000000100000000)
  region size 1024K, 4 young (4096K), 4 survivors (4096K)
 Metaspace       used 121075K, capacity 124299K, committed 124620K, reserved 1157120K
  class space    used 15556K, capacity 16740K, committed 16844K, reserved 1048576K
}
Event: 38.632 GC heap before
{Heap before GC invocations=29 (full 0):
 garbage-first heap   total 233472K, used 148235K [0x0000000080000000, 0x0000000100000000)
  region size 1024K, 12 young (12288K), 4 survivors (4096K)
 Metaspace       used 121589K, capacity 124834K, committed 125004K, reserved 1157120K
  class space    used 15635K, capacity 16835K, committed 16972K, reserved 1048576K
}
Event: 38.641 GC heap after
{Heap after GC invocations=30 (full 0):
 garbage-first heap   total 233472K, used 140169K [0x0000000080000000, 0x0000000100000000)
  region size 1024K, 1 young (1024K), 1 survivors (1024K)
 Metaspace       used 121589K, capacity 124834K, committed 125004K, reserved 1157120K
  class space    used 15635K, capacity 16835K, committed 16972K, reserved 1048576K
}
Event: 38.879 GC heap before
{Heap before GC invocations=30 (full 0):
 garbage-first heap   total 233472K, used 142217K [0x0000000080000000, 0x0000000100000000)
  region size 1024K, 4 young (4096K), 1 survivors (1024K)
 Metaspace       used 121818K, capacity 125074K, committed 125260K, reserved 1157120K
  class space    used 15659K, capacity 16869K, committed 16972K, reserved 1048576K
}
Event: 38.882 GC heap after
{Heap after GC invocations=31 (full 0):
 garbage-first heap   total 233472K, used 119625K [0x0000000080000000, 0x0000000100000000)
  region size 1024K, 1 young (1024K), 1 survivors (1024K)
 Metaspace       used 121818K, capacity 125074K, committed 125260K, reserved 1157120K
  class space    used 15659K, capacity 16869K, committed 16972K, reserved 1048576K
}
Event: 484.714 GC heap before
{Heap before GC invocations=32 (full 0):
 garbage-first heap   total 233472K, used 189257K [0x0000000080000000, 0x0000000100000000)
  region size 1024K, 65 young (66560K), 1 survivors (1024K)
 Metaspace       used 123613K, capacity 127094K, committed 127308K, reserved 1159168K
  class space    used 15810K, capacity 17119K, committed 17228K, reserved 1048576K
}
Event: 484.728 GC heap after
{Heap after GC invocations=33 (full 0):
 garbage-first heap   total 233472K, used 120641K [0x0000000080000000, 0x0000000100000000)
  region size 1024K, 6 young (6144K), 6 survivors (6144K)
 Metaspace       used 123613K, capacity 127094K, committed 127308K, reserved 1159168K
  class space    used 15810K, capacity 17119K, committed 17228K, reserved 1048576K
}
Event: 484.902 GC heap before
{Heap before GC invocations=33 (full 0):
 garbage-first heap   total 233472K, used 125761K [0x0000000080000000, 0x0000000100000000)
  region size 1024K, 11 young (11264K), 6 survivors (6144K)
 Metaspace       used 123630K, capacity 127094K, committed 127308K, reserved 1159168K
  class space    used 15810K, capacity 17119K, committed 17228K, reserved 1048576K
}
Event: 484.921 GC heap after
{Heap after GC invocations=34 (full 0):
 garbage-first heap   total 233472K, used 111597K [0x0000000080000000, 0x0000000100000000)
  region size 1024K, 1 young (1024K), 1 survivors (1024K)
 Metaspace       used 123630K, capacity 127094K, committed 127308K, reserved 1159168K
  class space    used 15810K, capacity 17119K, committed 17228K, reserved 1048576K
}
Event: 487.476 GC heap before
{Heap before GC invocations=34 (full 0):
 garbage-first heap   total 233472K, used 182253K [0x0000000080000000, 0x0000000100000000)
  region size 1024K, 71 young (72704K), 1 survivors (1024K)
 Metaspace       used 123782K, capacity 127263K, committed 127564K, reserved 1159168K
  class space    used 15814K, capacity 17126K, committed 17228K, reserved 1048576K
}
Event: 487.490 GC heap after
{Heap after GC invocations=35 (full 0):
 garbage-first heap   total 233472K, used 116955K [0x0000000080000000, 0x0000000100000000)
  region size 1024K, 6 young (6144K), 6 survivors (6144K)
 Metaspace       used 123782K, capacity 127263K, committed 127564K, reserved 1159168K
  class space    used 15814K, capacity 17126K, committed 17228K, reserved 1048576K
}

