# JRE version: OpenJDK Runtime Environment (11.0.10) (build 11.0.10+0-b96-7249189)
# Java VM: OpenJDK 64-Bit Server VM (11.0.10+0-b96-7249189, mixed mode, tiered, compressed oops, g1 gc, windows-amd64)
Heap:
 garbage-first heap   total 233472K, used 33321K [0x0000000742200000, 0x0000000800000000)
  region size 1024K, 10 young (10240K), 10 survivors (10240K)
 Metaspace       used 48295K, capacity 48902K, committed 49152K, reserved 1093632K
  class space    used 5656K, capacity 5883K, committed 5888K, reserved 1048576K
GC Heap History (9 events):
Event: 0.522 GC heap before
{Heap before GC invocations=0 (full 0):
 garbage-first heap   total 194560K, used 17408K [0x0000000742200000, 0x0000000800000000)
  region size 1024K, 14 young (14336K), 0 survivors (0K)
 Metaspace       used 9788K, capacity 9871K, committed 10112K, reserved 1058816K
  class space    used 829K, capacity 884K, committed 896K, reserved 1048576K
}
Event: 0.525 GC heap after
{Heap after GC invocations=1 (full 0):
 garbage-first heap   total 194560K, used 5142K [0x0000000742200000, 0x0000000800000000)
  region size 1024K, 2 young (2048K), 2 survivors (2048K)
 Metaspace       used 9788K, capacity 9871K, committed 10112K, reserved 1058816K
  class space    used 829K, capacity 884K, committed 896K, reserved 1048576K
}
Event: 1.475 GC heap before
{Heap before GC invocations=1 (full 0):
 garbage-first heap   total 194560K, used 51222K [0x0000000742200000, 0x0000000800000000)
  region size 1024K, 48 young (49152K), 2 survivors (2048K)
 Metaspace       used 20933K, capacity 21102K, committed 21248K, reserved 1069056K
  class space    used 2220K, capacity 2286K, committed 2304K, reserved 1048576K
}
Event: 1.489 GC heap after
{Heap after GC invocations=2 (full 0):
 garbage-first heap   total 194560K, used 9295K [0x0000000742200000, 0x0000000800000000)
  region size 1024K, 7 young (7168K), 7 survivors (7168K)
 Metaspace       used 20933K, capacity 21102K, committed 21248K, reserved 1069056K
  class space    used 2220K, capacity 2286K, committed 2304K, reserved 1048576K
}
Event: 2.620 GC heap before
{Heap before GC invocations=3 (full 0):
 garbage-first heap   total 194560K, used 71759K [0x0000000742200000, 0x0000000800000000)
  region size 1024K, 56 young (57344K), 7 survivors (7168K)
 Metaspace       used 30988K, capacity 31403K, committed 31616K, reserved 1077248K
  class space    used 3682K, capacity 3857K, committed 3968K, reserved 1048576K
}
Event: 2.637 GC heap after
{Heap after GC invocations=4 (full 0):
 garbage-first heap   total 194560K, used 24449K [0x0000000742200000, 0x0000000800000000)
  region size 1024K, 7 young (7168K), 7 survivors (7168K)
 Metaspace       used 30988K, capacity 31403K, committed 31616K, reserved 1077248K
  class space    used 3682K, capacity 3857K, committed 3968K, reserved 1048576K
}
Event: 3.026 GC heap before
{Heap before GC invocations=4 (full 0):
 garbage-first heap   total 194560K, used 44929K [0x0000000742200000, 0x0000000800000000)
  region size 1024K, 28 young (28672K), 7 survivors (7168K)
 Metaspace       used 35110K, capacity 35498K, committed 35584K, reserved 1081344K
  class space    used 4122K, capacity 4283K, committed 4352K, reserved 1048576K
}
Event: 3.036 GC heap after
{Heap after GC invocations=5 (full 0):
 garbage-first heap   total 194560K, used 23797K [0x0000000742200000, 0x0000000800000000)
  region size 1024K, 8 young (8192K), 8 survivors (8192K)
 Metaspace       used 35110K, capacity 35498K, committed 35584K, reserved 1081344K
  class space    used 4122K, capacity 4283K, committed 4352K, reserved 1048576K
}
Event: 4.972 GC heap before
{Heap before GC invocations=6 (full 0):
 garbage-first heap   total 194560K, used 110837K [0x0000000742200000, 0x0000000800000000)
  region size 1024K, 90 young (92160K), 8 survivors (8192K)
 Metaspace       used 48295K, capacity 48902K, committed 49152K, reserved 1093632K
  class space    used 5656K, capacity 5883K, committed 5888K, reserved 1048576K
}

