# JRE version: OpenJDK Runtime Environment (11.0.10) (build 11.0.10+0-b96-7249189)
# Java VM: OpenJDK 64-Bit Server VM (11.0.10+0-b96-7249189, mixed mode, tiered, compressed oops, g1 gc, windows-amd64)
Heap:
 garbage-first heap   total 194560K, used 116715K [0x0000000080000000, 0x0000000100000000)
  region size 1024K, 10 young (10240K), 6 survivors (6144K)
 Metaspace       used 115451K, capacity 118371K, committed 119364K, reserved 1153024K
  class space    used 14859K, capacity 15944K, committed 16280K, reserved 1048576K
GC Heap History (20 events):
Event: 355.540 GC heap after
{Heap after GC invocations=28 (full 0):
 garbage-first heap   total 194560K, used 95266K [0x0000000080000000, 0x0000000100000000)
  region size 1024K, 2 young (2048K), 2 survivors (2048K)
 Metaspace       used 109095K, capacity 112266K, committed 112580K, reserved 1146880K
  class space    used 14371K, capacity 15581K, committed 15640K, reserved 1048576K
}
Event: 356.991 GC heap before
{Heap before GC invocations=29 (full 0):
 garbage-first heap   total 194560K, used 143394K [0x0000000080000000, 0x0000000100000000)
  region size 1024K, 49 young (50176K), 2 survivors (2048K)
 Metaspace       used 112144K, capacity 115388K, committed 115780K, reserved 1148928K
  class space    used 14704K, capacity 15913K, committed 16024K, reserved 1048576K
}
Event: 357.056 GC heap after
{Heap after GC invocations=30 (full 0):
 garbage-first heap   total 194560K, used 111551K [0x0000000080000000, 0x0000000100000000)
  region size 1024K, 7 young (7168K), 7 survivors (7168K)
 Metaspace       used 112144K, capacity 115388K, committed 115780K, reserved 1148928K
  class space    used 14704K, capacity 15913K, committed 16024K, reserved 1048576K
}
Event: 360.963 GC heap before
{Heap before GC invocations=31 (full 0):
 garbage-first heap   total 194560K, used 164799K [0x0000000080000000, 0x0000000100000000)
  region size 1024K, 45 young (46080K), 7 survivors (7168K)
 Metaspace       used 114889K, capacity 118113K, committed 118340K, reserved 1150976K
  class space    used 14971K, capacity 16190K, committed 16280K, reserved 1048576K
}
Event: 360.987 GC heap after
{Heap after GC invocations=32 (full 0):
 garbage-first heap   total 194560K, used 116253K [0x0000000080000000, 0x0000000100000000)
  region size 1024K, 5 young (5120K), 5 survivors (5120K)
 Metaspace       used 114889K, capacity 118113K, committed 118340K, reserved 1150976K
  class space    used 14971K, capacity 16190K, committed 16280K, reserved 1048576K
}
Event: 362.100 GC heap before
{Heap before GC invocations=32 (full 0):
 garbage-first heap   total 194560K, used 154141K [0x0000000080000000, 0x0000000100000000)
  region size 1024K, 42 young (43008K), 5 survivors (5120K)
 Metaspace       used 115077K, capacity 118305K, committed 118596K, reserved 1150976K
  class space    used 14975K, capacity 16190K, committed 16280K, reserved 1048576K
}
Event: 362.133 GC heap after
{Heap after GC invocations=33 (full 0):
 garbage-first heap   total 194560K, used 120952K [0x0000000080000000, 0x0000000100000000)
  region size 1024K, 5 young (5120K), 5 survivors (5120K)
 Metaspace       used 115077K, capacity 118305K, committed 118596K, reserved 1150976K
  class space    used 14975K, capacity 16190K, committed 16280K, reserved 1048576K
}
Event: 611.338 GC heap before
{Heap before GC invocations=34 (full 0):
 garbage-first heap   total 194560K, used 157816K [0x0000000080000000, 0x0000000100000000)
  region size 1024K, 40 young (40960K), 5 survivors (5120K)
 Metaspace       used 115300K, capacity 118460K, committed 118596K, reserved 1150976K
  class space    used 14987K, capacity 16195K, committed 16280K, reserved 1048576K
}
Event: 611.346 GC heap after
{Heap after GC invocations=35 (full 0):
 garbage-first heap   total 194560K, used 113866K [0x0000000080000000, 0x0000000100000000)
  region size 1024K, 2 young (2048K), 2 survivors (2048K)
 Metaspace       used 115300K, capacity 118460K, committed 118596K, reserved 1150976K
  class space    used 14987K, capacity 16195K, committed 16280K, reserved 1048576K
}
Event: 943.847 GC heap before
{Heap before GC invocations=35 (full 0):
 garbage-first heap   total 194560K, used 121034K [0x0000000080000000, 0x0000000100000000)
  region size 1024K, 9 young (9216K), 2 survivors (2048K)
 Metaspace       used 115367K, capacity 118525K, committed 118852K, reserved 1153024K
  class space    used 14987K, capacity 16195K, committed 16280K, reserved 1048576K
}
Event: 943.869 GC heap after
{Heap after GC invocations=36 (full 0):
 garbage-first heap   total 194560K, used 102070K [0x0000000080000000, 0x0000000100000000)
  region size 1024K, 1 young (1024K), 1 survivors (1024K)
 Metaspace       used 115367K, capacity 118525K, committed 118852K, reserved 1153024K
  class space    used 14987K, capacity 16195K, committed 16280K, reserved 1048576K
}
Event: 2403.388 GC heap before
{Heap before GC invocations=36 (full 0):
 garbage-first heap   total 194560K, used 149174K [0x0000000080000000, 0x0000000100000000)
  region size 1024K, 48 young (49152K), 1 survivors (1024K)
 Metaspace       used 115591K, capacity 118842K, committed 119108K, reserved 1153024K
  class space    used 14994K, capacity 16206K, committed 16280K, reserved 1048576K
}
Event: 2403.402 GC heap after
{Heap after GC invocations=37 (full 0):
 garbage-first heap   total 194560K, used 103673K [0x0000000080000000, 0x0000000100000000)
  region size 1024K, 3 young (3072K), 3 survivors (3072K)
 Metaspace       used 115591K, capacity 118842K, committed 119108K, reserved 1153024K
  class space    used 14994K, capacity 16206K, committed 16280K, reserved 1048576K
}
Event: 2404.549 GC heap before
{Heap before GC invocations=38 (full 0):
 garbage-first heap   total 194560K, used 153849K [0x0000000080000000, 0x0000000100000000)
  region size 1024K, 51 young (52224K), 3 survivors (3072K)
 Metaspace       used 115163K, capacity 118003K, committed 119364K, reserved 1153024K
  class space    used 14831K, capacity 15893K, committed 16280K, reserved 1048576K
}
Event: 2404.574 GC heap after
{Heap after GC invocations=39 (full 0):
 garbage-first heap   total 194560K, used 117755K [0x0000000080000000, 0x0000000100000000)
  region size 1024K, 7 young (7168K), 7 survivors (7168K)
 Metaspace       used 115163K, capacity 118003K, committed 119364K, reserved 1153024K
  class space    used 14831K, capacity 15893K, committed 16280K, reserved 1048576K
}
Event: 2404.625 GC heap before
{Heap before GC invocations=39 (full 0):
 garbage-first heap   total 194560K, used 118779K [0x0000000080000000, 0x0000000100000000)
  region size 1024K, 9 young (9216K), 7 survivors (7168K)
 Metaspace       used 115207K, capacity 118015K, committed 119364K, reserved 1153024K
  class space    used 14832K, capacity 15895K, committed 16280K, reserved 1048576K
}
Event: 2404.660 GC heap after
{Heap after GC invocations=40 (full 0):
 garbage-first heap   total 194560K, used 107182K [0x0000000080000000, 0x0000000100000000)
  region size 1024K, 1 young (1024K), 1 survivors (1024K)
 Metaspace       used 115207K, capacity 118015K, committed 119364K, reserved 1153024K
  class space    used 14832K, capacity 15895K, committed 16280K, reserved 1048576K
}
Event: 2404.820 GC heap before
{Heap before GC invocations=40 (full 0):
 garbage-first heap   total 194560K, used 129710K [0x0000000080000000, 0x0000000100000000)
  region size 1024K, 9 young (9216K), 1 survivors (1024K)
 Metaspace       used 115241K, capacity 118057K, committed 119364K, reserved 1153024K
  class space    used 14835K, capacity 15902K, committed 16280K, reserved 1048576K
}
Event: 2404.840 GC heap after
{Heap after GC invocations=41 (full 0):
 garbage-first heap   total 194560K, used 105984K [0x0000000080000000, 0x0000000100000000)
  region size 1024K, 2 young (2048K), 2 survivors (2048K)
 Metaspace       used 115241K, capacity 118057K, committed 119364K, reserved 1153024K
  class space    used 14835K, capacity 15902K, committed 16280K, reserved 1048576K
}
Event: 2408.236 GC heap before
{Heap before GC invocations=41 (full 0):
 garbage-first heap   total 194560K, used 146944K [0x0000000080000000, 0x0000000100000000)
  region size 1024K, 43 young (44032K), 2 survivors (2048K)
 Metaspace       used 115449K, capacity 118371K, committed 119364K, reserved 1153024K
  class space    used 14859K, capacity 15944K, committed 16280K, reserved 1048576K
}

