# JRE version: OpenJDK Runtime Environment (11.0.10) (build 11.0.10+0-b96-7249189)
# Java VM: OpenJDK 64-Bit Server VM (11.0.10+0-b96-7249189, mixed mode, tiered, compressed oops, g1 gc, windows-amd64)
Heap:
 garbage-first heap   total 253952K, used 196096K [0x0000000080000000, 0x0000000100000000)
  region size 1024K, 104 young (106496K), 7 survivors (7168K)
 Metaspace       used 100316K, capacity 102966K, committed 103116K, reserved 1138688K
  class space    used 13024K, capacity 14022K, committed 14028K, reserved 1048576K
GC Heap History (20 events):
Event: 6.581 GC heap before
{Heap before GC invocations=5 (full 0):
 garbage-first heap   total 194560K, used 67035K [0x0000000080000000, 0x0000000100000000)
  region size 1024K, 54 young (55296K), 5 survivors (5120K)
 Metaspace       used 35049K, capacity 35838K, committed 35840K, reserved 1081344K
  class space    used 4538K, capacity 4864K, committed 4864K, reserved 1048576K
}
Event: 6.593 GC heap after
{Heap after GC invocations=6 (full 0):
 garbage-first heap   total 194560K, used 22200K [0x0000000080000000, 0x0000000100000000)
  region size 1024K, 8 young (8192K), 8 survivors (8192K)
 Metaspace       used 35049K, capacity 35838K, committed 35840K, reserved 1081344K
  class space    used 4538K, capacity 4864K, committed 4864K, reserved 1048576K
}
Event: 8.424 GC heap before
{Heap before GC invocations=7 (full 0):
 garbage-first heap   total 194560K, used 102072K [0x0000000080000000, 0x0000000100000000)
  region size 1024K, 84 young (86016K), 8 survivors (8192K)
 Metaspace       used 40920K, capacity 41829K, committed 42060K, reserved 1085440K
  class space    used 5277K, capacity 5634K, committed 5708K, reserved 1048576K
}
Event: 8.452 GC heap after
{Heap after GC invocations=8 (full 0):
 garbage-first heap   total 194560K, used 27525K [0x0000000080000000, 0x0000000100000000)
  region size 1024K, 11 young (11264K), 11 survivors (11264K)
 Metaspace       used 40920K, capacity 41829K, committed 42060K, reserved 1085440K
  class space    used 5277K, capacity 5634K, committed 5708K, reserved 1048576K
}
Event: 10.502 GC heap before
{Heap before GC invocations=8 (full 0):
 garbage-first heap   total 194560K, used 120709K [0x0000000080000000, 0x0000000100000000)
  region size 1024K, 99 young (101376K), 11 survivors (11264K)
 Metaspace       used 47133K, capacity 48360K, committed 48460K, reserved 1091584K
  class space    used 6007K, capacity 6440K, committed 6476K, reserved 1048576K
}
Event: 10.522 GC heap after
{Heap after GC invocations=9 (full 0):
 garbage-first heap   total 194560K, used 36568K [0x0000000080000000, 0x0000000100000000)
  region size 1024K, 12 young (12288K), 12 survivors (12288K)
 Metaspace       used 47133K, capacity 48360K, committed 48460K, reserved 1091584K
  class space    used 6007K, capacity 6440K, committed 6476K, reserved 1048576K
}
Event: 12.621 GC heap before
{Heap before GC invocations=9 (full 0):
 garbage-first heap   total 194560K, used 128728K [0x0000000080000000, 0x0000000100000000)
  region size 1024K, 99 young (101376K), 12 survivors (12288K)
 Metaspace       used 58757K, capacity 60203K, committed 60236K, reserved 1101824K
  class space    used 7434K, capacity 7983K, committed 8012K, reserved 1048576K
}
Event: 12.744 GC heap after
{Heap after GC invocations=10 (full 0):
 garbage-first heap   total 194560K, used 49559K [0x0000000080000000, 0x0000000100000000)
  region size 1024K, 14 young (14336K), 14 survivors (14336K)
 Metaspace       used 58757K, capacity 60203K, committed 60236K, reserved 1101824K
  class space    used 7434K, capacity 7983K, committed 8012K, reserved 1048576K
}
Event: 14.580 GC heap before
{Heap before GC invocations=11 (full 0):
 garbage-first heap   total 194560K, used 144791K [0x0000000080000000, 0x0000000100000000)
  region size 1024K, 107 young (109568K), 14 survivors (14336K)
 Metaspace       used 65609K, capacity 67239K, committed 67404K, reserved 1107968K
  class space    used 8315K, capacity 8905K, committed 9036K, reserved 1048576K
}
Event: 14.617 GC heap after
{Heap after GC invocations=12 (full 0):
 garbage-first heap   total 194560K, used 57243K [0x0000000080000000, 0x0000000100000000)
  region size 1024K, 8 young (8192K), 8 survivors (8192K)
 Metaspace       used 65609K, capacity 67239K, committed 67404K, reserved 1107968K
  class space    used 8315K, capacity 8905K, committed 9036K, reserved 1048576K
}
Event: 17.041 GC heap before
{Heap before GC invocations=13 (full 0):
 garbage-first heap   total 194560K, used 148379K [0x0000000080000000, 0x0000000100000000)
  region size 1024K, 97 young (99328K), 8 survivors (8192K)
 Metaspace       used 75063K, capacity 76793K, committed 77004K, reserved 1116160K
  class space    used 9767K, capacity 10386K, committed 10444K, reserved 1048576K
}
Event: 17.063 GC heap after
{Heap after GC invocations=14 (full 0):
 garbage-first heap   total 253952K, used 63358K [0x0000000080000000, 0x0000000100000000)
  region size 1024K, 6 young (6144K), 6 survivors (6144K)
 Metaspace       used 75063K, capacity 76793K, committed 77004K, reserved 1116160K
  class space    used 9767K, capacity 10386K, committed 10444K, reserved 1048576K
}
Event: 20.301 GC heap before
{Heap before GC invocations=14 (full 0):
 garbage-first heap   total 253952K, used 177022K [0x0000000080000000, 0x0000000100000000)
  region size 1024K, 118 young (120832K), 6 survivors (6144K)
 Metaspace       used 81996K, capacity 84021K, committed 84172K, reserved 1122304K
  class space    used 10647K, capacity 11398K, committed 11468K, reserved 1048576K
}
Event: 20.323 GC heap after
{Heap after GC invocations=15 (full 0):
 garbage-first heap   total 253952K, used 71139K [0x0000000080000000, 0x0000000100000000)
  region size 1024K, 14 young (14336K), 14 survivors (14336K)
 Metaspace       used 81996K, capacity 84021K, committed 84172K, reserved 1122304K
  class space    used 10647K, capacity 11398K, committed 11468K, reserved 1048576K
}
Event: 22.433 GC heap before
{Heap before GC invocations=15 (full 0):
 garbage-first heap   total 253952K, used 187875K [0x0000000080000000, 0x0000000100000000)
  region size 1024K, 129 young (132096K), 14 survivors (14336K)
 Metaspace       used 85585K, capacity 87728K, committed 88012K, reserved 1126400K
  class space    used 11040K, capacity 11842K, committed 11980K, reserved 1048576K
}
Event: 22.463 GC heap after
{Heap after GC invocations=16 (full 0):
 garbage-first heap   total 253952K, used 76992K [0x0000000080000000, 0x0000000100000000)
  region size 1024K, 14 young (14336K), 14 survivors (14336K)
 Metaspace       used 85585K, capacity 87728K, committed 88012K, reserved 1126400K
  class space    used 11040K, capacity 11842K, committed 11980K, reserved 1048576K
}
Event: 23.868 GC heap before
{Heap before GC invocations=16 (full 0):
 garbage-first heap   total 253952K, used 195776K [0x0000000080000000, 0x0000000100000000)
  region size 1024K, 131 young (134144K), 14 survivors (14336K)
 Metaspace       used 92610K, capacity 94745K, committed 95052K, reserved 1132544K
  class space    used 11950K, capacity 12753K, committed 12876K, reserved 1048576K
}
Event: 23.906 GC heap after
{Heap after GC invocations=17 (full 0):
 garbage-first heap   total 253952K, used 94427K [0x0000000080000000, 0x0000000100000000)
  region size 1024K, 17 young (17408K), 17 survivors (17408K)
 Metaspace       used 92610K, capacity 94745K, committed 95052K, reserved 1132544K
  class space    used 11950K, capacity 12753K, committed 12876K, reserved 1048576K
}
Event: 25.893 GC heap before
{Heap before GC invocations=17 (full 0):
 garbage-first heap   total 253952K, used 195803K [0x0000000080000000, 0x0000000100000000)
  region size 1024K, 117 young (119808K), 17 survivors (17408K)
 Metaspace       used 99869K, capacity 102427K, committed 102604K, reserved 1138688K
  class space    used 13004K, capacity 14001K, committed 14028K, reserved 1048576K
}
Event: 25.928 GC heap after
{Heap after GC invocations=18 (full 0):
 garbage-first heap   total 253952K, used 97792K [0x0000000080000000, 0x0000000100000000)
  region size 1024K, 7 young (7168K), 7 survivors (7168K)
 Metaspace       used 99869K, capacity 102427K, committed 102604K, reserved 1138688K
  class space    used 13004K, capacity 14001K, committed 14028K, reserved 1048576K
}

