# JRE version: OpenJDK Runtime Environment (11.0.10) (build 11.0.10+0-b96-7249189)
# Java VM: OpenJDK 64-Bit Server VM (11.0.10+0-b96-7249189, mixed mode, tiered, compressed oops, g1 gc, windows-amd64)
Heap:
 garbage-first heap   total 194560K, used 146120K [0x0000000080000000, 0x0000000100000000)
  region size 1024K, 55 young (56320K), 2 survivors (2048K)
 Metaspace       used 126334K, capacity 129339K, committed 130252K, reserved 1163264K
  class space    used 15958K, capacity 17094K, committed 17356K, reserved 1048576K
GC Heap History (20 events):
Event: 52.302 GC heap before
{Heap before GC invocations=35 (full 0):
 garbage-first heap   total 194560K, used 147926K [0x0000000080000000, 0x0000000100000000)
  region size 1024K, 26 young (26624K), 1 survivors (1024K)
 Metaspace       used 123754K, capacity 126929K, committed 127052K, reserved 1159168K
  class space    used 15949K, capacity 17131K, committed 17228K, reserved 1048576K
}
Event: 52.307 GC heap after
{Heap after GC invocations=36 (full 0):
 garbage-first heap   total 194560K, used 123248K [0x0000000080000000, 0x0000000100000000)
  region size 1024K, 2 young (2048K), 2 survivors (2048K)
 Metaspace       used 123754K, capacity 126929K, committed 127052K, reserved 1159168K
  class space    used 15949K, capacity 17131K, committed 17228K, reserved 1048576K
}
Event: 670.894 GC heap before
{Heap before GC invocations=37 (full 0):
 garbage-first heap   total 194560K, used 161136K [0x0000000080000000, 0x0000000100000000)
  region size 1024K, 32 young (32768K), 2 survivors (2048K)
 Metaspace       used 124955K, capacity 128256K, committed 128460K, reserved 1161216K
  class space    used 16057K, capacity 17305K, committed 17356K, reserved 1048576K
}
Event: 670.902 GC heap after
{Heap after GC invocations=38 (full 0):
 garbage-first heap   total 194560K, used 120067K [0x0000000080000000, 0x0000000100000000)
  region size 1024K, 3 young (3072K), 3 survivors (3072K)
 Metaspace       used 124955K, capacity 128256K, committed 128460K, reserved 1161216K
  class space    used 16057K, capacity 17305K, committed 17356K, reserved 1048576K
}
Event: 671.070 GC heap before
{Heap before GC invocations=38 (full 0):
 garbage-first heap   total 194560K, used 126211K [0x0000000080000000, 0x0000000100000000)
  region size 1024K, 9 young (9216K), 3 survivors (3072K)
 Metaspace       used 125065K, capacity 128394K, committed 128460K, reserved 1161216K
  class space    used 16057K, capacity 17305K, committed 17356K, reserved 1048576K
}
Event: 671.085 GC heap after
{Heap after GC invocations=39 (full 0):
 garbage-first heap   total 194560K, used 112318K [0x0000000080000000, 0x0000000100000000)
  region size 1024K, 1 young (1024K), 1 survivors (1024K)
 Metaspace       used 125065K, capacity 128394K, committed 128460K, reserved 1161216K
  class space    used 16057K, capacity 17305K, committed 17356K, reserved 1048576K
}
Event: 672.512 GC heap before
{Heap before GC invocations=39 (full 0):
 garbage-first heap   total 194560K, used 152254K [0x0000000080000000, 0x0000000100000000)
  region size 1024K, 40 young (40960K), 1 survivors (1024K)
 Metaspace       used 125615K, capacity 128875K, committed 128972K, reserved 1161216K
  class space    used 16065K, capacity 17319K, committed 17356K, reserved 1048576K
}
Event: 672.535 GC heap after
{Heap after GC invocations=40 (full 0):
 garbage-first heap   total 194560K, used 116474K [0x0000000080000000, 0x0000000100000000)
  region size 1024K, 5 young (5120K), 5 survivors (5120K)
 Metaspace       used 125615K, capacity 128875K, committed 128972K, reserved 1161216K
  class space    used 16065K, capacity 17319K, committed 17356K, reserved 1048576K
}
Event: 681.292 GC heap before
{Heap before GC invocations=41 (full 0):
 garbage-first heap   total 194560K, used 151290K [0x0000000080000000, 0x0000000100000000)
  region size 1024K, 43 young (44032K), 5 survivors (5120K)
 Metaspace       used 125930K, capacity 129257K, committed 129484K, reserved 1161216K
  class space    used 16070K, capacity 17328K, committed 17356K, reserved 1048576K
}
Event: 681.305 GC heap after
{Heap after GC invocations=42 (full 0):
 garbage-first heap   total 194560K, used 114854K [0x0000000080000000, 0x0000000100000000)
  region size 1024K, 2 young (2048K), 2 survivors (2048K)
 Metaspace       used 125930K, capacity 129257K, committed 129484K, reserved 1161216K
  class space    used 16070K, capacity 17328K, committed 17356K, reserved 1048576K
}
Event: 875.405 GC heap before
{Heap before GC invocations=42 (full 0):
 garbage-first heap   total 194560K, used 130214K [0x0000000080000000, 0x0000000100000000)
  region size 1024K, 9 young (9216K), 2 survivors (2048K)
 Metaspace       used 126002K, capacity 129268K, committed 129484K, reserved 1161216K
  class space    used 16075K, capacity 17332K, committed 17356K, reserved 1048576K
}
Event: 875.425 GC heap after
{Heap after GC invocations=43 (full 0):
 garbage-first heap   total 194560K, used 102292K [0x0000000080000000, 0x0000000100000000)
  region size 1024K, 1 young (1024K), 1 survivors (1024K)
 Metaspace       used 126002K, capacity 129268K, committed 129484K, reserved 1161216K
  class space    used 16075K, capacity 17332K, committed 17356K, reserved 1048576K
}
Event: 3404.927 GC heap before
{Heap before GC invocations=43 (full 0):
 garbage-first heap   total 194560K, used 148372K [0x0000000080000000, 0x0000000100000000)
  region size 1024K, 46 young (47104K), 1 survivors (1024K)
 Metaspace       used 126129K, capacity 129397K, committed 129484K, reserved 1161216K
  class space    used 16075K, capacity 17332K, committed 17356K, reserved 1048576K
}
Event: 3404.934 GC heap after
{Heap after GC invocations=44 (full 0):
 garbage-first heap   total 194560K, used 102143K [0x0000000080000000, 0x0000000100000000)
  region size 1024K, 1 young (1024K), 1 survivors (1024K)
 Metaspace       used 126129K, capacity 129397K, committed 129484K, reserved 1161216K
  class space    used 16075K, capacity 17332K, committed 17356K, reserved 1048576K
}
Event: 4929.080 GC heap before
{Heap before GC invocations=45 (full 0):
 garbage-first heap   total 194560K, used 151295K [0x0000000080000000, 0x0000000100000000)
  region size 1024K, 49 young (50176K), 1 survivors (1024K)
 Metaspace       used 125409K, capacity 128221K, committed 129740K, reserved 1161216K
  class space    used 15895K, capacity 16986K, committed 17356K, reserved 1048576K
}
Event: 4929.090 GC heap after
{Heap after GC invocations=46 (full 0):
 garbage-first heap   total 194560K, used 104411K [0x0000000080000000, 0x0000000100000000)
  region size 1024K, 3 young (3072K), 3 survivors (3072K)
 Metaspace       used 125409K, capacity 128221K, committed 129740K, reserved 1161216K
  class space    used 15895K, capacity 16986K, committed 17356K, reserved 1048576K
}
Event: 4929.179 GC heap before
{Heap before GC invocations=46 (full 0):
 garbage-first heap   total 194560K, used 109531K [0x0000000080000000, 0x0000000100000000)
  region size 1024K, 9 young (9216K), 3 survivors (3072K)
 Metaspace       used 125478K, capacity 128314K, committed 129740K, reserved 1161216K
  class space    used 15904K, capacity 17003K, committed 17356K, reserved 1048576K
}
Event: 4929.212 GC heap after
{Heap after GC invocations=47 (full 0):
 garbage-first heap   total 194560K, used 93253K [0x0000000080000000, 0x0000000100000000)
  region size 1024K, 1 young (1024K), 1 survivors (1024K)
 Metaspace       used 125478K, capacity 128314K, committed 129740K, reserved 1161216K
  class space    used 15904K, capacity 17003K, committed 17356K, reserved 1048576K
}
Event: 4929.358 GC heap before
{Heap before GC invocations=47 (full 0):
 garbage-first heap   total 194560K, used 101445K [0x0000000080000000, 0x0000000100000000)
  region size 1024K, 9 young (9216K), 1 survivors (1024K)
 Metaspace       used 125534K, capacity 128445K, committed 129740K, reserved 1161216K
  class space    used 15904K, capacity 17003K, committed 17356K, reserved 1048576K
}
Event: 4929.377 GC heap after
{Heap after GC invocations=48 (full 0):
 garbage-first heap   total 194560K, used 92872K [0x0000000080000000, 0x0000000100000000)
  region size 1024K, 2 young (2048K), 2 survivors (2048K)
 Metaspace       used 125534K, capacity 128445K, committed 129740K, reserved 1161216K
  class space    used 15904K, capacity 17003K, committed 17356K, reserved 1048576K
}

