# JRE version: OpenJDK Runtime Environment (11.0.10) (build 11.0.10+0-b96-7249189)
# Java VM: OpenJDK 64-Bit Server VM (11.0.10+0-b96-7249189, mixed mode, tiered, compressed oops, g1 gc, windows-amd64)
Heap:
 garbage-first heap   total 233472K, used 166440K [0x0000000080000000, 0x0000000100000000)
  region size 1024K, 35 young (35840K), 8 survivors (8192K)
 Metaspace       used 142045K, capacity 145614K, committed 146372K, reserved 1177600K
  class space    used 17364K, capacity 18698K, committed 18968K, reserved 1048576K
GC Heap History (20 events):
Event: 3662.690 GC heap before
{Heap before GC invocations=54 (full 0):
 garbage-first heap   total 233472K, used 193622K [0x0000000080000000, 0x0000000100000000)
  region size 1024K, 41 young (41984K), 2 survivors (2048K)
 Metaspace       used 129440K, capacity 132483K, committed 132932K, reserved 1165312K
  class space    used 15808K, capacity 16914K, committed 17048K, reserved 1048576K
}
Event: 3662.696 GC heap after
{Heap after GC invocations=55 (full 0):
 garbage-first heap   total 233472K, used 154506K [0x0000000080000000, 0x0000000100000000)
  region size 1024K, 2 young (2048K), 2 survivors (2048K)
 Metaspace       used 129440K, capacity 132483K, committed 132932K, reserved 1165312K
  class space    used 15808K, capacity 16914K, committed 17048K, reserved 1048576K
}
Event: 3664.098 GC heap before
{Heap before GC invocations=56 (full 0):
 garbage-first heap   total 233472K, used 177034K [0x0000000080000000, 0x0000000100000000)
  region size 1024K, 43 young (44032K), 2 survivors (2048K)
 Metaspace       used 130575K, capacity 133708K, committed 134084K, reserved 1167360K
  class space    used 15923K, capacity 17060K, committed 17176K, reserved 1048576K
}
Event: 3664.107 GC heap after
{Heap after GC invocations=57 (full 0):
 garbage-first heap   total 233472K, used 136074K [0x0000000080000000, 0x0000000100000000)
  region size 1024K, 2 young (2048K), 2 survivors (2048K)
 Metaspace       used 130575K, capacity 133708K, committed 134084K, reserved 1167360K
  class space    used 15923K, capacity 17060K, committed 17176K, reserved 1048576K
}
Event: 3664.342 GC heap before
{Heap before GC invocations=57 (full 0):
 garbage-first heap   total 233472K, used 144266K [0x0000000080000000, 0x0000000100000000)
  region size 1024K, 11 young (11264K), 2 survivors (2048K)
 Metaspace       used 130869K, capacity 133954K, committed 134340K, reserved 1167360K
  class space    used 15951K, capacity 17099K, committed 17176K, reserved 1048576K
}
Event: 3664.356 GC heap after
{Heap after GC invocations=58 (full 0):
 garbage-first heap   total 233472K, used 122814K [0x0000000080000000, 0x0000000100000000)
  region size 1024K, 2 young (2048K), 2 survivors (2048K)
 Metaspace       used 130869K, capacity 133954K, committed 134340K, reserved 1167360K
  class space    used 15951K, capacity 17099K, committed 17176K, reserved 1048576K
}
Event: 3667.157 GC heap before
{Heap before GC invocations=58 (full 0):
 garbage-first heap   total 233472K, used 187326K [0x0000000080000000, 0x0000000100000000)
  region size 1024K, 66 young (67584K), 2 survivors (2048K)
 Metaspace       used 131584K, capacity 134743K, committed 134980K, reserved 1167360K
  class space    used 15998K, capacity 17186K, committed 17304K, reserved 1048576K
}
Event: 3667.174 GC heap after
{Heap after GC invocations=59 (full 0):
 garbage-first heap   total 233472K, used 126454K [0x0000000080000000, 0x0000000100000000)
  region size 1024K, 5 young (5120K), 5 survivors (5120K)
 Metaspace       used 131584K, capacity 134743K, committed 134980K, reserved 1167360K
  class space    used 15998K, capacity 17186K, committed 17304K, reserved 1048576K
}
Event: 3669.573 GC heap before
{Heap before GC invocations=60 (full 0):
 garbage-first heap   total 233472K, used 189942K [0x0000000080000000, 0x0000000100000000)
  region size 1024K, 68 young (69632K), 5 survivors (5120K)
 Metaspace       used 132162K, capacity 135352K, committed 135492K, reserved 1167360K
  class space    used 16059K, capacity 17236K, committed 17304K, reserved 1048576K
}
Event: 3669.586 GC heap after
{Heap after GC invocations=61 (full 0):
 garbage-first heap   total 233472K, used 129238K [0x0000000080000000, 0x0000000100000000)
  region size 1024K, 7 young (7168K), 7 survivors (7168K)
 Metaspace       used 132162K, capacity 135352K, committed 135492K, reserved 1167360K
  class space    used 16059K, capacity 17236K, committed 17304K, reserved 1048576K
}
Event: 3669.756 GC heap before
{Heap before GC invocations=61 (full 0):
 garbage-first heap   total 233472K, used 132310K [0x0000000080000000, 0x0000000100000000)
  region size 1024K, 11 young (11264K), 7 survivors (7168K)
 Metaspace       used 132216K, capacity 135425K, committed 135492K, reserved 1167360K
  class space    used 16066K, capacity 17239K, committed 17304K, reserved 1048576K
}
Event: 3669.773 GC heap after
{Heap after GC invocations=62 (full 0):
 garbage-first heap   total 233472K, used 123826K [0x0000000080000000, 0x0000000100000000)
  region size 1024K, 1 young (1024K), 1 survivors (1024K)
 Metaspace       used 132216K, capacity 135425K, committed 135492K, reserved 1167360K
  class space    used 16066K, capacity 17239K, committed 17304K, reserved 1048576K
}
Event: 3673.033 GC heap before
{Heap before GC invocations=62 (full 0):
 garbage-first heap   total 233472K, used 189362K [0x0000000080000000, 0x0000000100000000)
  region size 1024K, 66 young (67584K), 1 survivors (1024K)
 Metaspace       used 140704K, capacity 144327K, committed 144452K, reserved 1175552K
  class space    used 17324K, capacity 18721K, committed 18840K, reserved 1048576K
}
Event: 3673.047 GC heap after
{Heap after GC invocations=63 (full 0):
 garbage-first heap   total 233472K, used 124733K [0x0000000080000000, 0x0000000100000000)
  region size 1024K, 2 young (2048K), 2 survivors (2048K)
 Metaspace       used 140704K, capacity 144327K, committed 144452K, reserved 1175552K
  class space    used 17324K, capacity 18721K, committed 18840K, reserved 1048576K
}
Event: 3675.524 GC heap before
{Heap before GC invocations=64 (full 0):
 garbage-first heap   total 233472K, used 192317K [0x0000000080000000, 0x0000000100000000)
  region size 1024K, 69 young (70656K), 2 survivors (2048K)
 Metaspace       used 141700K, capacity 145459K, committed 145732K, reserved 1175552K
  class space    used 17369K, capacity 18780K, committed 18840K, reserved 1048576K
}
Event: 3675.543 GC heap after
{Heap after GC invocations=65 (full 0):
 garbage-first heap   total 233472K, used 131834K [0x0000000080000000, 0x0000000100000000)
  region size 1024K, 9 young (9216K), 9 survivors (9216K)
 Metaspace       used 141700K, capacity 145459K, committed 145732K, reserved 1175552K
  class space    used 17369K, capacity 18780K, committed 18840K, reserved 1048576K
}
Event: 3675.590 GC heap before
{Heap before GC invocations=65 (full 0):
 garbage-first heap   total 233472K, used 133882K [0x0000000080000000, 0x0000000100000000)
  region size 1024K, 11 young (11264K), 9 survivors (9216K)
 Metaspace       used 141719K, capacity 145464K, committed 145732K, reserved 1175552K
  class space    used 17369K, capacity 18780K, committed 18840K, reserved 1048576K
}
Event: 3675.600 GC heap after
{Heap after GC invocations=66 (full 0):
 garbage-first heap   total 233472K, used 128773K [0x0000000080000000, 0x0000000100000000)
  region size 1024K, 1 young (1024K), 1 survivors (1024K)
 Metaspace       used 141719K, capacity 145464K, committed 145732K, reserved 1175552K
  class space    used 17369K, capacity 18780K, committed 18840K, reserved 1048576K
}
Event: 3676.400 GC heap before
{Heap before GC invocations=66 (full 0):
 garbage-first heap   total 233472K, used 191237K [0x0000000080000000, 0x0000000100000000)
  region size 1024K, 63 young (64512K), 1 survivors (1024K)
 Metaspace       used 142172K, capacity 145877K, committed 146116K, reserved 1177600K
  class space    used 17452K, capacity 18849K, committed 18968K, reserved 1048576K
}
Event: 3676.426 GC heap after
{Heap after GC invocations=67 (full 0):
 garbage-first heap   total 233472K, used 139816K [0x0000000080000000, 0x0000000100000000)
  region size 1024K, 8 young (8192K), 8 survivors (8192K)
 Metaspace       used 142172K, capacity 145877K, committed 146116K, reserved 1177600K
  class space    used 17452K, capacity 18849K, committed 18968K, reserved 1048576K
}

