# JRE version: OpenJDK Runtime Environment (11.0.10) (build 11.0.10+0-b96-7249189)
# Java VM: OpenJDK 64-Bit Server VM (11.0.10+0-b96-7249189, mixed mode, tiered, compressed oops, g1 gc, windows-amd64)
Heap:
 garbage-first heap   total 194560K, used 93595K [0x0000000080000000, 0x0000000100000000)
  region size 1024K, 4 young (4096K), 4 survivors (4096K)
 Metaspace       used 104001K, capacity 106731K, committed 106828K, reserved 1148928K
  class space    used 13564K, capacity 14605K, committed 14668K, reserved 1048576K
GC Heap History (20 events):
Event: 18.061 GC heap before
{Heap before GC invocations=14 (full 0):
 garbage-first heap   total 194560K, used 129272K [0x0000000080000000, 0x0000000100000000)
  region size 1024K, 81 young (82944K), 7 survivors (7168K)
 Metaspace       used 71174K, capacity 72762K, committed 73036K, reserved 1112064K
  class space    used 9172K, capacity 9755K, committed 9804K, reserved 1048576K
}
Event: 18.080 GC heap after
{Heap after GC invocations=15 (full 0):
 garbage-first heap   total 194560K, used 59907K [0x0000000080000000, 0x0000000100000000)
  region size 1024K, 11 young (11264K), 11 survivors (11264K)
 Metaspace       used 71174K, capacity 72762K, committed 73036K, reserved 1112064K
  class space    used 9172K, capacity 9755K, committed 9804K, reserved 1048576K
}
Event: 22.240 GC heap before
{Heap before GC invocations=15 (full 0):
 garbage-first heap   total 194560K, used 135683K [0x0000000080000000, 0x0000000100000000)
  region size 1024K, 85 young (87040K), 11 survivors (11264K)
 Metaspace       used 79046K, capacity 80794K, committed 81100K, reserved 1120256K
  class space    used 10254K, capacity 10892K, committed 10956K, reserved 1048576K
}
Event: 22.265 GC heap after
{Heap after GC invocations=16 (full 0):
 garbage-first heap   total 194560K, used 65101K [0x0000000080000000, 0x0000000100000000)
  region size 1024K, 6 young (6144K), 6 survivors (6144K)
 Metaspace       used 79046K, capacity 80794K, committed 81100K, reserved 1120256K
  class space    used 10254K, capacity 10892K, committed 10956K, reserved 1048576K
}
Event: 23.886 GC heap before
{Heap before GC invocations=16 (full 0):
 garbage-first heap   total 194560K, used 139853K [0x0000000080000000, 0x0000000100000000)
  region size 1024K, 80 young (81920K), 6 survivors (6144K)
 Metaspace       used 82275K, capacity 84304K, committed 84556K, reserved 1122304K
  class space    used 10700K, capacity 11472K, committed 11596K, reserved 1048576K
}
Event: 23.904 GC heap after
{Heap after GC invocations=17 (full 0):
 garbage-first heap   total 194560K, used 69738K [0x0000000080000000, 0x0000000100000000)
  region size 1024K, 10 young (10240K), 10 survivors (10240K)
 Metaspace       used 82275K, capacity 84304K, committed 84556K, reserved 1122304K
  class space    used 10700K, capacity 11472K, committed 11596K, reserved 1048576K
}
Event: 25.747 GC heap before
{Heap before GC invocations=17 (full 0):
 garbage-first heap   total 194560K, used 144490K [0x0000000080000000, 0x0000000100000000)
  region size 1024K, 84 young (86016K), 10 survivors (10240K)
 Metaspace       used 83071K, capacity 85157K, committed 85324K, reserved 1122304K
  class space    used 10753K, capacity 11561K, committed 11596K, reserved 1048576K
}
Event: 25.770 GC heap after
{Heap after GC invocations=18 (full 0):
 garbage-first heap   total 194560K, used 74365K [0x0000000080000000, 0x0000000100000000)
  region size 1024K, 10 young (10240K), 10 survivors (10240K)
 Metaspace       used 83071K, capacity 85157K, committed 85324K, reserved 1122304K
  class space    used 10753K, capacity 11561K, committed 11596K, reserved 1048576K
}
Event: 26.905 GC heap before
{Heap before GC invocations=18 (full 0):
 garbage-first heap   total 194560K, used 149117K [0x0000000080000000, 0x0000000100000000)
  region size 1024K, 84 young (86016K), 10 survivors (10240K)
 Metaspace       used 87757K, capacity 89758K, committed 90060K, reserved 1126400K
  class space    used 11350K, capacity 12147K, committed 12236K, reserved 1048576K
}
Event: 26.924 GC heap after
{Heap after GC invocations=19 (full 0):
 garbage-first heap   total 194560K, used 77742K [0x0000000080000000, 0x0000000100000000)
  region size 1024K, 8 young (8192K), 8 survivors (8192K)
 Metaspace       used 87757K, capacity 89758K, committed 90060K, reserved 1126400K
  class space    used 11350K, capacity 12147K, committed 12236K, reserved 1048576K
}
Event: 28.143 GC heap before
{Heap before GC invocations=19 (full 0):
 garbage-first heap   total 194560K, used 152494K [0x0000000080000000, 0x0000000100000000)
  region size 1024K, 82 young (83968K), 8 survivors (8192K)
 Metaspace       used 88915K, capacity 91060K, committed 91212K, reserved 1128448K
  class space    used 11488K, capacity 12296K, committed 12364K, reserved 1048576K
}
Event: 28.161 GC heap after
{Heap after GC invocations=20 (full 0):
 garbage-first heap   total 194560K, used 82138K [0x0000000080000000, 0x0000000100000000)
  region size 1024K, 8 young (8192K), 8 survivors (8192K)
 Metaspace       used 88915K, capacity 91060K, committed 91212K, reserved 1128448K
  class space    used 11488K, capacity 12296K, committed 12364K, reserved 1048576K
}
Event: 2695.779 GC heap before
{Heap before GC invocations=20 (full 0):
 garbage-first heap   total 194560K, used 154842K [0x0000000080000000, 0x0000000100000000)
  region size 1024K, 80 young (81920K), 8 survivors (8192K)
 Metaspace       used 90040K, capacity 92167K, committed 92364K, reserved 1128448K
  class space    used 11588K, capacity 12376K, committed 12492K, reserved 1048576K
}
Event: 2695.798 GC heap after
{Heap after GC invocations=21 (full 0):
 garbage-first heap   total 194560K, used 83609K [0x0000000080000000, 0x0000000100000000)
  region size 1024K, 6 young (6144K), 6 survivors (6144K)
 Metaspace       used 90040K, capacity 92167K, committed 92364K, reserved 1128448K
  class space    used 11588K, capacity 12376K, committed 12492K, reserved 1048576K
}
Event: 3521.394 GC heap before
{Heap before GC invocations=21 (full 0):
 garbage-first heap   total 194560K, used 157337K [0x0000000080000000, 0x0000000100000000)
  region size 1024K, 79 young (80896K), 6 survivors (6144K)
 Metaspace       used 91149K, capacity 93324K, committed 93388K, reserved 1130496K
  class space    used 11660K, capacity 12472K, committed 12492K, reserved 1048576K
}
Event: 3521.413 GC heap after
{Heap after GC invocations=22 (full 0):
 garbage-first heap   total 194560K, used 90478K [0x0000000080000000, 0x0000000100000000)
  region size 1024K, 8 young (8192K), 8 survivors (8192K)
 Metaspace       used 91149K, capacity 93324K, committed 93388K, reserved 1130496K
  class space    used 11660K, capacity 12472K, committed 12492K, reserved 1048576K
}
Event: 3543.727 GC heap before
{Heap before GC invocations=22 (full 0):
 garbage-first heap   total 194560K, used 158062K [0x0000000080000000, 0x0000000100000000)
  region size 1024K, 75 young (76800K), 8 survivors (8192K)
 Metaspace       used 101961K, capacity 104625K, committed 104780K, reserved 1140736K
  class space    used 13279K, capacity 14293K, committed 14412K, reserved 1048576K
}
Event: 3543.747 GC heap after
{Heap after GC invocations=23 (full 0):
 garbage-first heap   total 194560K, used 93277K [0x0000000080000000, 0x0000000100000000)
  region size 1024K, 4 young (4096K), 4 survivors (4096K)
 Metaspace       used 101961K, capacity 104625K, committed 104780K, reserved 1140736K
  class space    used 13279K, capacity 14293K, committed 14412K, reserved 1048576K
}
Event: 3544.072 GC heap before
{Heap before GC invocations=23 (full 0):
 garbage-first heap   total 194560K, used 107613K [0x0000000080000000, 0x0000000100000000)
  region size 1024K, 19 young (19456K), 4 survivors (4096K)
 Metaspace       used 104001K, capacity 106731K, committed 106828K, reserved 1146880K
  class space    used 13564K, capacity 14605K, committed 14668K, reserved 1048576K
}
Event: 3544.082 GC heap after
{Heap after GC invocations=24 (full 0):
 garbage-first heap   total 194560K, used 93595K [0x0000000080000000, 0x0000000100000000)
  region size 1024K, 4 young (4096K), 4 survivors (4096K)
 Metaspace       used 104001K, capacity 106731K, committed 106828K, reserved 1146880K
  class space    used 13564K, capacity 14605K, committed 14668K, reserved 1048576K
}

